<?xml version="1.0" encoding="UTF-8"?>
<testsuite name="com.geektrust.backend.utility.ValidationUtilityTest" tests="6" skipped="0" failures="0" errors="0" timestamp="2024-01-18T12:39:30" hostname="LAPTOP-4LC71HF1" time="0.011">
  <properties/>
  <testcase name="validateTestValidPassengerAndStation()" classname="com.geektrust.backend.utility.ValidationUtilityTest" time="0.002"/>
  <testcase name="validateTestInvalidPassenger()" classname="com.geektrust.backend.utility.ValidationUtilityTest" time="0.001"/>
  <testcase name="validateTestInvalidStation()" classname="com.geektrust.backend.utility.ValidationUtilityTest" time="0.001"/>
  <testcase name="validateTestNoPassengersFoundException()" classname="com.geektrust.backend.utility.ValidationUtilityTest" time="0.002"/>
  <testcase name="validateTestNoStationsFoundException()" classname="com.geektrust.backend.utility.ValidationUtilityTest" time="0.001"/>
  <testcase name="validateTestNoPassengersFoundException1()" classname="com.geektrust.backend.utility.ValidationUtilityTest" time="0.001"/>
  <system-out><![CDATA[]]></system-out>
  <system-err><![CDATA[]]></system-err>
</testsuite>
