<?xml version="1.0" encoding="UTF-8"?>
<testsuite name="com.geektrust.backend.repositories.MetroCardRepositoryTest" tests="4" skipped="0" failures="0" errors="0" timestamp="2024-01-18T12:39:30" hostname="LAPTOP-4LC71HF1" time="0.012">
  <properties/>
  <testcase name="createMetroCard()" classname="com.geektrust.backend.repositories.MetroCardRepositoryTest" time="0.005"/>
  <testcase name="getMetroCardWhenNotPresent()" classname="com.geektrust.backend.repositories.MetroCardRepositoryTest" time="0.001"/>
  <testcase name="getMetroCard()" classname="com.geektrust.backend.repositories.MetroCardRepositoryTest" time="0.001"/>
  <testcase name="updateMetroCardTest()" classname="com.geektrust.backend.repositories.MetroCardRepositoryTest" time="0.001"/>
  <system-out><![CDATA[]]></system-out>
  <system-err><![CDATA[]]></system-err>
</testsuite>
