<?xml version="1.0" encoding="UTF-8"?>
<testsuite name="com.geektrust.backend.utility.PassengerUtilityTest" tests="3" skipped="0" failures="0" errors="0" timestamp="2024-01-18T12:39:30" hostname="LAPTOP-4LC71HF1" time="0.003">
  <properties/>
  <testcase name="getDiscountTest()" classname="com.geektrust.backend.utility.PassengerUtilityTest" time="0.0"/>
  <testcase name="getBalanceTest()" classname="com.geektrust.backend.utility.PassengerUtilityTest" time="0.001"/>
  <testcase name="getPayTest()" classname="com.geektrust.backend.utility.PassengerUtilityTest" time="0.001"/>
  <system-out><![CDATA[]]></system-out>
  <system-err><![CDATA[]]></system-err>
</testsuite>
