<?xml version="1.0" encoding="UTF-8"?>
<testsuite name="com.geektrust.backend.entities.PassengerCountTest" tests="4" skipped="0" failures="0" errors="0" timestamp="2024-01-18T12:39:30" hostname="LAPTOP-4LC71HF1" time="0.007">
  <properties/>
  <testcase name="setCountTest()" classname="com.geektrust.backend.entities.PassengerCountTest" time="0.001"/>
  <testcase name="getPassengerType()" classname="com.geektrust.backend.entities.PassengerCountTest" time="0.001"/>
  <testcase name="toStringTest()" classname="com.geektrust.backend.entities.PassengerCountTest" time="0.0"/>
  <testcase name="getCountTest()" classname="com.geektrust.backend.entities.PassengerCountTest" time="0.001"/>
  <system-out><![CDATA[]]></system-out>
  <system-err><![CDATA[]]></system-err>
</testsuite>
