<?xml version="1.0" encoding="UTF-8"?>
<testsuite name="com.geektrust.backend.entities.PassengerTest" tests="6" skipped="0" failures="0" errors="0" timestamp="2024-01-18T12:39:30" hostname="LAPTOP-4LC71HF1" time="0.008">
  <properties/>
  <testcase name="getStationIdTest()" classname="com.geektrust.backend.entities.PassengerTest" time="0.001"/>
  <testcase name="getMetroCardIdTest()" classname="com.geektrust.backend.entities.PassengerTest" time="0.0"/>
  <testcase name="getIdTest()" classname="com.geektrust.backend.entities.PassengerTest" time="0.0"/>
  <testcase name="toStringTest()" classname="com.geektrust.backend.entities.PassengerTest" time="0.001"/>
  <testcase name="getCheckStatusTest()" classname="com.geektrust.backend.entities.PassengerTest" time="0.002"/>
  <testcase name="getPassengerTypeTest()" classname="com.geektrust.backend.entities.PassengerTest" time="0.001"/>
  <system-out><![CDATA[]]></system-out>
  <system-err><![CDATA[]]></system-err>
</testsuite>
