<?xml version="1.0" encoding="UTF-8"?>
<testsuite name="com.geektrust.backend.utility.UtilityTest" tests="2" skipped="0" failures="0" errors="0" timestamp="2024-01-18T12:39:30" hostname="LAPTOP-4LC71HF1" time="0.006">
  <properties/>
  <testcase name="printTest()" classname="com.geektrust.backend.utility.UtilityTest" time="0.004"/>
  <testcase name="printTest1()" classname="com.geektrust.backend.utility.UtilityTest" time="0.002"/>
  <system-out><![CDATA[]]></system-out>
  <system-err><![CDATA[]]></system-err>
</testsuite>
